<?xml version="1.0" encoding="UTF-8"?>
<testng-results ignored="0" total="2" passed="2" failed="0" skipped="0">
  <reporter-output>
  </reporter-output>
  <suite started-at="2024-02-19T17:40:55 IST" name="Suite" finished-at="2024-02-19T17:41:14 IST" duration-ms="18953">
    <groups>
    </groups>
    <test started-at="2024-02-19T17:40:55 IST" name="Run on Chrome1" finished-at="2024-02-19T17:41:14 IST" duration-ms="18515">
      <class name="com.tests.Search">
        <test-method is-config="true" signature="LaunchBrowser(java.lang.String)[pri:0, instance:com.tests.Search@43c1b556]" started-at="2024-02-19T17:40:55 IST" name="LaunchBrowser" finished-at="2024-02-19T17:41:02 IST" duration-ms="6715" status="PASS">
          <params>
            <param index="0">
              <value>
                <![CDATA[Chrome]]>
              </value>
            </param>
          </params>
          <reporter-output>
          </reporter-output>
        </test-method> <!-- LaunchBrowser -->
        <test-method signature="cadidatesearch()[pri:0, instance:com.tests.Search@43c1b556]" started-at="2024-02-19T17:41:02 IST" name="cadidatesearch" finished-at="2024-02-19T17:41:13 IST" duration-ms="11065" status="PASS">
          <reporter-output>
          </reporter-output>
        </test-method> <!-- cadidatesearch -->
        <test-method is-config="true" signature="CloseBrowser()[pri:0, instance:com.tests.Search@43c1b556]" started-at="2024-02-19T17:41:13 IST" name="CloseBrowser" finished-at="2024-02-19T17:41:14 IST" duration-ms="412" status="PASS">
          <reporter-output>
          </reporter-output>
        </test-method> <!-- CloseBrowser -->
      </class> <!-- com.tests.Search -->
    </test> <!-- Run on Chrome1 -->
    <test started-at="2024-02-19T17:40:55 IST" name="Run on Chrome2" finished-at="2024-02-19T17:41:14 IST" duration-ms="18953">
      <class name="com.tests.Search">
        <test-method is-config="true" signature="BeforeLaunchingbrowser()[pri:0, instance:com.tests.Search@6f45df59]" started-at="2024-02-19T17:40:55 IST" name="BeforeLaunchingbrowser" finished-at="2024-02-19T17:40:55 IST" duration-ms="18" status="PASS">
          <reporter-output>
          </reporter-output>
        </test-method> <!-- BeforeLaunchingbrowser -->
        <test-method is-config="true" signature="LaunchBrowser(java.lang.String)[pri:0, instance:com.tests.Search@6f45df59]" started-at="2024-02-19T17:40:55 IST" name="LaunchBrowser" finished-at="2024-02-19T17:41:02 IST" duration-ms="6185" status="PASS">
          <params>
            <param index="0">
              <value>
                <![CDATA[Chrome]]>
              </value>
            </param>
          </params>
          <reporter-output>
          </reporter-output>
        </test-method> <!-- LaunchBrowser -->
        <test-method signature="cadidatesearch()[pri:0, instance:com.tests.Search@6f45df59]" started-at="2024-02-19T17:41:02 IST" name="cadidatesearch" finished-at="2024-02-19T17:41:14 IST" duration-ms="12255" status="PASS">
          <reporter-output>
          </reporter-output>
        </test-method> <!-- cadidatesearch -->
        <test-method is-config="true" signature="CloseBrowser()[pri:0, instance:com.tests.Search@6f45df59]" started-at="2024-02-19T17:41:14 IST" name="CloseBrowser" finished-at="2024-02-19T17:41:14 IST" duration-ms="273" status="PASS">
          <reporter-output>
          </reporter-output>
        </test-method> <!-- CloseBrowser -->
      </class> <!-- com.tests.Search -->
    </test> <!-- Run on Chrome2 -->
  </suite> <!-- Suite -->
</testng-results>
